0 info it worked if it ends with ok
1 verbose cli [ '/usr/bin/nodejs', '/usr/bin/npm', 'install', 'jquery-chained' ]
2 info using npm@1.3.10
3 info using node@v0.10.25
4 verbose cache add [ 'jquery-chained', null ]
5 verbose cache add name=undefined spec="jquery-chained" args=["jquery-chained",null]
6 verbose parsed url { protocol: null,
6 verbose parsed url   slashes: null,
6 verbose parsed url   auth: null,
6 verbose parsed url   host: null,
6 verbose parsed url   port: null,
6 verbose parsed url   hostname: null,
6 verbose parsed url   hash: null,
6 verbose parsed url   search: null,
6 verbose parsed url   query: null,
6 verbose parsed url   pathname: 'jquery-chained',
6 verbose parsed url   path: 'jquery-chained',
6 verbose parsed url   href: 'jquery-chained' }
7 silly makeCacheDir cache dir uid, gid [ 0, 0 ]
8 silly lockFile ca81b0ce-jquery-chained jquery-chained
9 verbose lock jquery-chained /root/.npm/ca81b0ce-jquery-chained.lock
10 silly lockFile ca81b0ce-jquery-chained jquery-chained
11 silly lockFile ca81b0ce-jquery-chained jquery-chained
12 verbose addNamed [ 'jquery-chained', '' ]
13 verbose addNamed [ null, '*' ]
14 silly lockFile 50a5a482-jquery-chained jquery-chained@
15 verbose lock jquery-chained@ /root/.npm/50a5a482-jquery-chained.lock
16 silly addNameRange { name: 'jquery-chained', range: '*', hasData: false }
17 verbose url raw jquery-chained
18 verbose url resolving [ 'https://registry.npmjs.org/', './jquery-chained' ]
19 verbose url resolved https://registry.npmjs.org/jquery-chained
20 info trying registry request attempt 1 at 21:27:36
21 http GET https://registry.npmjs.org/jquery-chained
22 info retry will retry, error on last attempt: Error: CERT_UNTRUSTED
23 info trying registry request attempt 2 at 21:27:46
24 http GET https://registry.npmjs.org/jquery-chained
25 info retry will retry, error on last attempt: Error: CERT_UNTRUSTED
26 info trying registry request attempt 3 at 21:28:46
27 http GET https://registry.npmjs.org/jquery-chained
28 silly lockFile 50a5a482-jquery-chained jquery-chained@
29 silly lockFile 50a5a482-jquery-chained jquery-chained@
30 error Error: CERT_UNTRUSTED
30 error     at SecurePair.<anonymous> (tls.js:1370:32)
30 error     at SecurePair.EventEmitter.emit (events.js:92:17)
30 error     at SecurePair.maybeInitFinished (tls.js:982:10)
30 error     at CleartextStream.read [as _read] (tls.js:469:13)
30 error     at CleartextStream.Readable.read (_stream_readable.js:320:10)
30 error     at EncryptedStream.write [as _write] (tls.js:366:25)
30 error     at doWrite (_stream_writable.js:223:10)
30 error     at writeOrBuffer (_stream_writable.js:213:5)
30 error     at EncryptedStream.Writable.write (_stream_writable.js:180:11)
30 error     at write (_stream_readable.js:583:24)
31 error If you need help, you may report this log at:
31 error     <http://github.com/isaacs/npm/issues>
31 error or email it to:
31 error     <npm-@googlegroups.com>
32 error System Linux 3.13.0-55-generic
33 error command "/usr/bin/nodejs" "/usr/bin/npm" "install" "jquery-chained"
34 error cwd /var/www/cal
35 error node -v v0.10.25
36 error npm -v 1.3.10
37 verbose exit [ 1, true ]
